<?xml version="1.0" encoding="UTF-8"?>
<!-- Generated by org.testng.reporters.JUnitXMLReporter -->
<testsuite hostname="Purvi_Dholakia" ignored="0" name="TutorialsNinja Testcases." tests="14" failures="0" timestamp="2023-03-18T15:35:02 EDT" time="104.936" errors="0">
  <testcase name="verifyRegisteringAnAccountWithMandatoryFields" time="1.038" classname="com.tutorialsninja.qa.testcases.Register"/>
  <testcase name="verifyRegisteringAndAccountByProvidingAllFields" time="0.986" classname="com.tutorialsninja.qa.testcases.Register"/>
  <testcase name="verifyRegisteringAccountWithExistingEmailAddress" time="0.736" classname="com.tutorialsninja.qa.testcases.Register"/>
  <testcase name="verifyregisteringAccountWithoutFillingAnyDetails" time="0.42" classname="com.tutorialsninja.qa.testcases.Register"/>
  <testcase name="verifyLoginWithValidCredentials" time="0.71" classname="com.tutorialsninja.qa.testcases.Login"/>
  <testcase name="verifyLoginWithInvalidCredentials" time="0.454" classname="com.tutorialsninja.qa.testcases.Login"/>
  <testcase name="verifyLoginWithInvalidCredentials" time="0.471" classname="com.tutorialsninja.qa.testcases.Login"/>
  <testcase name="verifyLoginWithInvalidCredentials" time="0.471" classname="com.tutorialsninja.qa.testcases.Login"/>
  <testcase name="verifyLoginWithInvalidEmailAndValidPassword" time="0.459" classname="com.tutorialsninja.qa.testcases.Login"/>
  <testcase name="verifyLoginWithValidEmailAndInvalidPassword" time="0.455" classname="com.tutorialsninja.qa.testcases.Login"/>
  <testcase name="LoginwithoutCredentials" time="0.676" classname="com.tutorialsninja.qa.testcases.Login"/>
  <testcase name="verifySearchwithValidProduct" time="1.472" classname="com.tutorialsninja.qa.testcases.Search"/>
  <testcase name="verifySearchWithInvalidProduct" time="1.222" classname="com.tutorialsninja.qa.testcases.Search"/>
  <testcase name="verifySearchWithoutAnyProduct" time="1.23" classname="com.tutorialsninja.qa.testcases.Search"/>
</testsuite> <!-- TutorialsNinja Testcases. -->
