<?xml version="1.0" encoding="UTF-8"?>
<!-- Generated by org.testng.reporters.JUnitXMLReporter -->
<testsuite ignored="0" hostname="Purvi_Dholakia" failures="0" tests="7" name="Default test" time="43.516" errors="0" timestamp="2023-02-22T15:30:23 EST">
  <testcase classname="com.tutorialsninja.qa.testcases.Login" name="verifyLoginWithValidCredentials" time="1.046"/>
  <testcase classname="com.tutorialsninja.qa.testcases.Login" name="verifyLoginWithInvalidCredentials" time="0.722"/>
  <testcase classname="com.tutorialsninja.qa.testcases.Login" name="verifyLoginWithInvalidCredentials" time="0.657"/>
  <testcase classname="com.tutorialsninja.qa.testcases.Login" name="verifyLoginWithInvalidCredentials" time="0.658"/>
  <testcase classname="com.tutorialsninja.qa.testcases.Login" name="verifyLoginWithInvalidEmailAndValidPassword" time="0.664"/>
  <testcase classname="com.tutorialsninja.qa.testcases.Login" name="verifyLoginWithValidEmailAndInvalidPassword" time="0.6"/>
  <testcase classname="com.tutorialsninja.qa.testcases.Login" name="LoginwithoutCredentials" time="0.001"/>
</testsuite> <!-- Default test -->
